<?xml version="1.0" encoding="UTF-8"?>
<testng-results ignored="0" total="1" passed="1" failed="0" skipped="0">
  <reporter-output>
  </reporter-output>
  <suite started-at="2022-03-29T18:50:14 CEST" name="Default suite" finished-at="2022-03-29T18:50:47 CEST" duration-ms="32739">
    <groups>
    </groups>
    <test started-at="2022-03-29T18:50:14 CEST" name="Default test" finished-at="2022-03-29T18:50:47 CEST" duration-ms="32739">
      <class name="Testcases.Loginlogut">
        <test-method is-config="true" signature="Setup()[pri:0, instance:Testcases.Loginlogut@1e6a3214]" started-at="2022-03-29T18:50:14 CEST" name="Setup" finished-at="2022-03-29T18:50:30 CEST" duration-ms="15748" status="PASS">
          <reporter-output>
          </reporter-output>
        </test-method> <!-- Setup -->
        <test-method is-config="true" signature="setValues()[pri:0, instance:Testcases.Loginlogut@1e6a3214]" started-at="2022-03-29T18:50:30 CEST" name="setValues" finished-at="2022-03-29T18:50:30 CEST" duration-ms="0" status="PASS">
          <reporter-output>
          </reporter-output>
        </test-method> <!-- setValues -->
        <test-method signature="login(java.lang.String,java.lang.String)[pri:0, instance:Testcases.Loginlogut@1e6a3214]" started-at="2022-03-29T18:50:31 CEST" name="login" data-provider="getSheet" finished-at="2022-03-29T18:50:46 CEST" duration-ms="15444" status="PASS">
          <params>
            <param index="0">
              <value>
                <![CDATA[Testing@gmail.com]]>
              </value>
            </param>
            <param index="1">
              <value>
                <![CDATA[Dummy@12345]]>
              </value>
            </param>
          </params>
          <reporter-output>
          </reporter-output>
        </test-method> <!-- login -->
        <test-method is-config="true" signature="teardown()[pri:0, instance:Testcases.Loginlogut@1e6a3214]" started-at="2022-03-29T18:50:46 CEST" name="teardown" finished-at="2022-03-29T18:50:47 CEST" duration-ms="408" status="PASS">
          <reporter-output>
          </reporter-output>
        </test-method> <!-- teardown -->
      </class> <!-- Testcases.Loginlogut -->
    </test> <!-- Default test -->
  </suite> <!-- Default suite -->
</testng-results>
